@!@!@STARTMSG 2262:0 @!@!@
TLC2 Version 2.05 of 23 July 2013
@!@!@ENDMSG 2262 @!@!@
@!@!@STARTMSG 2187:0 @!@!@
Running in Model-Checking mode.
@!@!@ENDMSG 2187 @!@!@
@!@!@STARTMSG 2220:0 @!@!@
Starting SANY...
@!@!@ENDMSG 2220 @!@!@
Parsing file MC.tla
Parsing file AsyncInterface.tla
Parsing file /home/midpeter444/apps/TLAToolbox-1.4.8/plugins/org.lamport.tlatools_1.0.0.201403132202/tla2sany/StandardModules/TLC.tla
Parsing file /home/midpeter444/apps/TLAToolbox-1.4.8/plugins/org.lamport.tlatools_1.0.0.201403132202/tla2sany/StandardModules/Naturals.tla
Parsing file /home/midpeter444/apps/TLAToolbox-1.4.8/plugins/org.lamport.tlatools_1.0.0.201403132202/tla2sany/StandardModules/Sequences.tla
Semantic processing of module Naturals
Semantic processing of module Sequences
Semantic processing of module TLC
Semantic processing of module AsyncInterface
Semantic processing of module MC
@!@!@STARTMSG 2219:0 @!@!@
SANY finished.
@!@!@ENDMSG 2219 @!@!@
@!@!@STARTMSG 2185:0 @!@!@
Starting... (2015-04-05 15:34:57)
@!@!@ENDMSG 2185 @!@!@
@!@!@STARTMSG 2189:0 @!@!@
Computing initial states...
@!@!@ENDMSG 2189 @!@!@
@!@!@STARTMSG 2190:0 @!@!@
Finished computing initial states: 404 distinct states generated.
@!@!@ENDMSG 2190 @!@!@
<<1, 1, 0, "Recv">>
<<0, 0, 0, "Recv">>
<<1, 0, 44, "Send">>
<<0, 1, 44, "Send">>
<<0, 0, 1, "Recv">>
<<1, 0, 44, "Send">>
<<1, 1, 1, "Recv">>
<<0, 1, 44, "Send">>
<<0, 1, 44, "Send">>
<<1, 1, 2, "Recv">>
<<0, 0, 2, "Recv">>
<<1, 0, 44, "Send">>
<<0, 0, 3, "Recv">>
<<1, 1, 3, "Recv">>
<<0, 1, 44, "Send">>
<<1, 0, 44, "Send">>
<<1, 0, 44, "Send">>
<<1, 1, 4, "Recv">>
<<0, 1, 44, "Send">>
<<1, 0, 44, "Send">>
<<0, 0, 5, "Recv">>
<<1, 1, 5, "Recv">>
<<0, 1, 44, "Send">>
<<0, 0, 6, "Recv">>
<<1, 0, 44, "Send">>
<<0, 1, 44, "Send">>
<<1, 1, 6, "Recv">>
<<0, 0, 7, "Recv">>
<<1, 0, 44, "Send">>
<<1, 1, 7, "Recv">>
<<0, 1, 44, "Send">>
<<0, 1, 44, "Send">>
<<0, 1, 44, "Send">>
<<0, 0, 4, "Recv">>
<<1, 0, 44, "Send">>
<<1, 1, 8, "Recv">>
<<1, 0, 44, "Send">>
<<1, 1, 9, "Recv">>
<<0, 1, 44, "Send">>
<<1, 0, 44, "Send">>
<<0, 1, 44, "Send">>
<<0, 0, 10, "Recv">>
<<1, 1, 10, "Recv">>
<<0, 0, 8, "Recv">>
<<0, 1, 44, "Send">>
<<1, 1, 11, "Recv">>
<<0, 0, 11, "Recv">>
<<0, 1, 44, "Send">>
<<1, 0, 44, "Send">>
<<0, 0, 12, "Recv">>
<<0, 0, 9, "Recv">>
<<1, 1, 12, "Recv">>
<<1, 0, 44, "Send">>
<<0, 1, 44, "Send">>
<<1, 0, 44, "Send">>
<<1, 1, 13, "Recv">>
<<0, 0, 13, "Recv">>
<<1, 0, 44, "Send">>
<<0, 1, 44, "Send">>
<<0, 0, 14, "Recv">>
<<1, 1, 14, "Recv">>
<<1, 0, 44, "Send">>
<<0, 1, 44, "Send">>
<<1, 0, 44, "Send">>
<<0, 1, 44, "Send">>
<<1, 1, 15, "Recv">>
<<0, 0, 16, "Recv">>
<<1, 1, 16, "Recv">>
<<1, 0, 44, "Send">>
<<0, 1, 44, "Send">>
<<1, 1, 17, "Recv">>
<<1, 0, 44, "Send">>
<<0, 0, 17, "Recv">>
<<0, 0, 18, "Recv">>
<<0, 1, 44, "Send">>
<<0, 0, 19, "Recv">>
<<1, 1, 18, "Recv">>
<<1, 0, 44, "Send">>
<<0, 1, 44, "Send">>
<<1, 1, 19, "Recv">>
<<0, 1, 44, "Send">>
<<0, 0, 20, "Recv">>
<<1, 1, 20, "Recv">>
<<1, 0, 44, "Send">>
<<0, 1, 44, "Send">>
<<1, 1, 21, "Recv">>
<<0, 0, 21, "Recv">>
<<1, 0, 44, "Send">>
<<1, 0, 44, "Send">>
<<1, 1, 22, "Recv">>
<<0, 0, 22, "Recv">>
<<0, 1, 44, "Send">>
<<1, 0, 44, "Send">>
<<1, 0, 44, "Send">>
<<1, 1, 23, "Recv">>
<<0, 1, 44, "Send">>
<<0, 0, 23, "Recv">>
<<0, 1, 44, "Send">>
<<1, 1, 24, "Recv">>
<<0, 0, 24, "Recv">>
<<0, 1, 44, "Send">>
<<1, 0, 44, "Send">>
<<0, 1, 44, "Send">>
<<0, 0, 25, "Recv">>
<<1, 1, 25, "Recv">>
<<1, 0, 44, "Send">>
<<1, 1, 26, "Recv">>
<<0, 0, 26, "Recv">>
<<1, 0, 44, "Send">>
<<0, 1, 44, "Send">>
<<1, 1, 27, "Recv">>
<<0, 0, 27, "Recv">>
<<0, 0, 28, "Recv">>
<<0, 1, 44, "Send">>
<<1, 1, 28, "Recv">>
<<0, 0, 29, "Recv">>
<<0, 0, 15, "Recv">>
<<0, 1, 44, "Send">>
<<1, 0, 44, "Send">>
<<1, 0, 44, "Send">>
<<1, 0, 44, "Send">>
<<1, 1, 29, "Recv">>
<<0, 0, 30, "Recv">>
<<0, 1, 44, "Send">>
<<1, 1, 30, "Recv">>
<<0, 1, 44, "Send">>
<<1, 0, 44, "Send">>
<<1, 1, 31, "Recv">>
<<0, 0, 31, "Recv">>
<<0, 1, 44, "Send">>
<<0, 0, 32, "Recv">>
<<1, 0, 44, "Send">>
<<1, 1, 32, "Recv">>
<<1, 0, 44, "Send">>
<<0, 1, 44, "Send">>
<<0, 0, 33, "Recv">>
<<1, 0, 44, "Send">>
<<1, 1, 33, "Recv">>
<<0, 0, 34, "Recv">>
<<0, 1, 44, "Send">>
<<1, 0, 44, "Send">>
<<0, 1, 44, "Send">>
<<1, 1, 34, "Recv">>
<<1, 1, 35, "Recv">>
<<0, 0, 35, "Recv">>
<<1, 0, 44, "Send">>
<<0, 1, 44, "Send">>
<<1, 1, 36, "Recv">>
<<1, 0, 44, "Send">>
<<0, 0, 36, "Recv">>
<<0, 1, 44, "Send">>
<<0, 0, 37, "Recv">>
<<1, 1, 37, "Recv">>
<<1, 0, 44, "Send">>
<<0, 1, 44, "Send">>
<<0, 0, 38, "Recv">>
<<1, 1, 38, "Recv">>
<<1, 0, 44, "Send">>
<<1, 1, 39, "Recv">>
<<0, 1, 44, "Send">>
<<0, 0, 39, "Recv">>
<<0, 1, 44, "Send">>
<<1, 0, 44, "Send">>
<<0, 0, 40, "Recv">>
<<1, 1, 40, "Recv">>
<<0, 0, 41, "Recv">>
<<0, 1, 44, "Send">>
<<1, 0, 44, "Send">>
<<1, 1, 41, "Recv">>
<<0, 0, 42, "Recv">>
<<0, 1, 44, "Send">>
<<1, 0, 44, "Send">>
<<1, 1, 42, "Recv">>
<<0, 1, 44, "Send">>
<<1, 1, 43, "Recv">>
<<1, 0, 44, "Send">>
<<0, 0, 44, "Recv">>
<<1, 0, 44, "Send">>
<<1, 1, 44, "Recv">>
<<1, 0, 44, "Send">>
<<0, 1, 44, "Send">>
<<0, 0, 45, "Recv">>
<<0, 1, 44, "Send">>
<<0, 0, 46, "Recv">>
<<1, 0, 44, "Send">>
<<1, 1, 46, "Recv">>
<<0, 1, 44, "Send">>
<<1, 0, 44, "Send">>
<<0, 0, 47, "Recv">>
<<1, 0, 44, "Send">>
<<1, 1, 47, "Recv">>
<<0, 1, 44, "Send">>
<<1, 1, 48, "Recv">>
<<0, 0, 48, "Recv">>
<<1, 0, 44, "Send">>
<<0, 0, 49, "Recv">>
<<0, 1, 44, "Send">>
<<1, 1, 49, "Recv">>
<<1, 0, 44, "Send">>
<<0, 1, 44, "Send">>
<<0, 0, 43, "Recv">>
<<0, 1, 44, "Send">>
<<1, 1, 45, "Recv">>
<<1, 1, 50, "Recv">>
<<1, 0, 44, "Send">>
<<0, 0, 51, "Recv">>
<<1, 1, 51, "Recv">>
<<0, 1, 44, "Send">>
<<0, 0, 50, "Recv">>
<<1, 0, 44, "Send">>
<<0, 1, 44, "Send">>
<<0, 0, 52, "Recv">>
<<0, 1, 44, "Send">>
<<0, 0, 53, "Recv">>
<<1, 1, 53, "Recv">>
<<1, 0, 44, "Send">>
<<0, 1, 44, "Send">>
<<0, 0, 54, "Recv">>
<<1, 0, 44, "Send">>
<<1, 1, 54, "Recv">>
<<0, 1, 44, "Send">>
<<1, 1, 52, "Recv">>
<<1, 1, 55, "Recv">>
<<1, 0, 44, "Send">>
<<0, 0, 55, "Recv">>
<<1, 1, 56, "Recv">>
<<0, 1, 44, "Send">>
<<0, 0, 56, "Recv">>
<<1, 0, 44, "Send">>
<<0, 0, 57, "Recv">>
<<1, 0, 44, "Send">>
<<1, 1, 57, "Recv">>
<<0, 1, 44, "Send">>
<<1, 1, 58, "Recv">>
<<1, 0, 44, "Send">>
<<0, 0, 58, "Recv">>
<<1, 0, 44, "Send">>
<<0, 1, 44, "Send">>
<<1, 1, 59, "Recv">>
<<0, 0, 59, "Recv">>
<<0, 1, 44, "Send">>
<<1, 0, 44, "Send">>
<<0, 1, 44, "Send">>
<<0, 0, 60, "Recv">>
<<1, 1, 60, "Recv">>
<<1, 0, 44, "Send">>
<<0, 0, 61, "Recv">>
<<1, 1, 61, "Recv">>
<<0, 1, 44, "Send">>
<<0, 0, 62, "Recv">>
<<1, 0, 44, "Send">>
<<0, 1, 44, "Send">>
<<1, 0, 44, "Send">>
<<0, 0, 63, "Recv">>
<<0, 1, 44, "Send">>
<<1, 0, 44, "Send">>
<<1, 1, 63, "Recv">>
<<0, 1, 44, "Send">>
<<0, 0, 64, "Recv">>
<<1, 1, 64, "Recv">>
<<1, 0, 44, "Send">>
<<1, 1, 65, "Recv">>
<<0, 1, 44, "Send">>
<<0, 0, 65, "Recv">>
<<1, 0, 44, "Send">>
<<0, 0, 66, "Recv">>
<<1, 1, 66, "Recv">>
<<0, 1, 44, "Send">>
<<1, 1, 67, "Recv">>
<<0, 0, 67, "Recv">>
<<1, 0, 44, "Send">>
<<0, 1, 44, "Send">>
<<1, 0, 44, "Send">>
<<0, 0, 68, "Recv">>
<<0, 1, 44, "Send">>
<<1, 1, 68, "Recv">>
<<1, 0, 44, "Send">>
<<0, 1, 44, "Send">>
<<1, 1, 69, "Recv">>
<<1, 1, 62, "Recv">>
<<1, 0, 44, "Send">>
<<0, 1, 44, "Send">>
<<0, 0, 69, "Recv">>
<<0, 0, 71, "Recv">>
<<0, 0, 70, "Recv">>
<<0, 1, 44, "Send">>
<<1, 0, 44, "Send">>
<<1, 1, 71, "Recv">>
<<1, 0, 44, "Send">>
<<0, 0, 72, "Recv">>
<<1, 0, 44, "Send">>
<<0, 0, 73, "Recv">>
<<0, 1, 44, "Send">>
<<1, 1, 73, "Recv">>
<<1, 0, 44, "Send">>
<<1, 1, 70, "Recv">>
<<1, 1, 72, "Recv">>
<<1, 1, 74, "Recv">>
<<0, 0, 74, "Recv">>
<<0, 1, 44, "Send">>
<<1, 0, 44, "Send">>
<<0, 1, 44, "Send">>
<<0, 1, 44, "Send">>
<<0, 0, 75, "Recv">>
<<1, 1, 75, "Recv">>
<<0, 0, 76, "Recv">>
<<0, 1, 44, "Send">>
<<1, 1, 76, "Recv">>
<<1, 0, 44, "Send">>
<<0, 0, 77, "Recv">>
<<0, 1, 44, "Send">>
<<1, 1, 77, "Recv">>
<<1, 0, 44, "Send">>
<<0, 1, 44, "Send">>
<<0, 0, 78, "Recv">>
<<1, 1, 78, "Recv">>
<<1, 0, 44, "Send">>
<<0, 1, 44, "Send">>
<<0, 0, 79, "Recv">>
<<1, 1, 79, "Recv">>
<<0, 1, 44, "Send">>
<<0, 0, 80, "Recv">>
<<1, 0, 44, "Send">>
<<1, 1, 80, "Recv">>
<<1, 0, 44, "Send">>
<<1, 0, 44, "Send">>
<<0, 0, 81, "Recv">>
<<1, 0, 44, "Send">>
<<0, 1, 44, "Send">>
<<0, 0, 82, "Recv">>
<<0, 1, 44, "Send">>
<<1, 1, 81, "Recv">>
<<1, 0, 44, "Send">>
<<0, 0, 83, "Recv">>
<<0, 1, 44, "Send">>
<<1, 0, 44, "Send">>
<<1, 1, 82, "Recv">>
<<0, 1, 44, "Send">>
<<1, 1, 84, "Recv">>
<<1, 0, 44, "Send">>
<<0, 0, 84, "Recv">>
<<1, 1, 83, "Recv">>
<<0, 0, 85, "Recv">>
<<1, 1, 85, "Recv">>
<<1, 0, 44, "Send">>
<<0, 1, 44, "Send">>
<<0, 1, 44, "Send">>
<<1, 1, 86, "Recv">>
<<0, 1, 44, "Send">>
<<0, 0, 87, "Recv">>
<<1, 1, 87, "Recv">>
<<1, 0, 44, "Send">>
<<0, 0, 88, "Recv">>
<<0, 1, 44, "Send">>
<<0, 0, 86, "Recv">>
<<1, 0, 44, "Send">>
<<1, 1, 88, "Recv">>
<<1, 0, 44, "Send">>
<<0, 0, 89, "Recv">>
<<1, 1, 89, "Recv">>
<<0, 1, 44, "Send">>
<<0, 0, 90, "Recv">>
<<1, 0, 44, "Send">>
<<1, 1, 90, "Recv">>
<<0, 1, 44, "Send">>
<<1, 0, 44, "Send">>
<<0, 1, 44, "Send">>
<<0, 0, 91, "Recv">>
<<1, 1, 91, "Recv">>
<<0, 1, 44, "Send">>
<<1, 0, 44, "Send">>
<<1, 1, 92, "Recv">>
<<0, 0, 92, "Recv">>
<<1, 0, 44, "Send">>
<<0, 1, 44, "Send">>
<<1, 1, 93, "Recv">>
<<1, 0, 44, "Send">>
<<0, 0, 93, "Recv">>
<<0, 0, 94, "Recv">>
<<1, 1, 94, "Recv">>
<<0, 1, 44, "Send">>
<<1, 1, 95, "Recv">>
<<0, 0, 95, "Recv">>
<<0, 1, 44, "Send">>
<<1, 0, 44, "Send">>
<<1, 0, 44, "Send">>
<<0, 1, 44, "Send">>
<<1, 1, 96, "Recv">>
<<0, 0, 96, "Recv">>
<<0, 1, 44, "Send">>
<<1, 0, 44, "Send">>
<<1, 1, 97, "Recv">>
<<0, 0, 97, "Recv">>
<<1, 0, 44, "Send">>
<<0, 1, 44, "Send">>
<<0, 0, 98, "Recv">>
<<1, 1, 98, "Recv">>
<<0, 1, 44, "Send">>
<<0, 0, 99, "Recv">>
<<1, 0, 44, "Send">>
<<1, 1, 99, "Recv">>
<<1, 0, 44, "Send">>
<<0, 0, 100, "Recv">>
<<1, 1, 100, "Recv">>
<<1, 1, 0, "Recv">>
<<0, 0, 0, "Recv">>
<<0, 1, 44, "Send">>
<<1, 1, 1, "Recv">>
<<1, 0, 44, "Send">>
<<0, 1, 44, "Send">>
<<0, 0, 2, "Recv">>
<<1, 1, 2, "Recv">>
<<1, 0, 44, "Send">>
<<0, 1, 44, "Send">>
<<0, 0, 3, "Recv">>
<<1, 1, 3, "Recv">>
<<1, 0, 44, "Send">>
<<1, 0, 44, "Send">>
<<0, 0, 4, "Recv">>
<<0, 0, 1, "Recv">>
<<1, 1, 4, "Recv">>
<<0, 1, 44, "Send">>
<<1, 0, 44, "Send">>
<<0, 0, 5, "Recv">>
<<0, 1, 44, "Send">>
<<1, 0, 44, "Send">>
<<1, 1, 5, "Recv">>
<<0, 0, 6, "Recv">>
<<0, 1, 44, "Send">>
<<1, 0, 44, "Send">>
<<1, 1, 6, "Recv">>
<<0, 1, 44, "Send">>
<<0, 0, 7, "Recv">>
<<1, 1, 7, "Recv">>
<<0, 1, 44, "Send">>
<<1, 0, 44, "Send">>
<<0, 0, 8, "Recv">>
<<1, 1, 8, "Recv">>
<<0, 1, 44, "Send">>
<<0, 1, 44, "Send">>
<<1, 0, 44, "Send">>
<<0, 0, 9, "Recv">>
<<1, 1, 9, "Recv">>
<<1, 0, 44, "Send">>
<<1, 1, 10, "Recv">>
<<0, 1, 44, "Send">>
<<0, 0, 10, "Recv">>
<<0, 1, 44, "Send">>
<<1, 0, 44, "Send">>
<<0, 0, 11, "Recv">>
<<1, 1, 11, "Recv">>
<<0, 1, 44, "Send">>
<<1, 0, 44, "Send">>
<<0, 0, 12, "Recv">>
<<0, 1, 44, "Send">>
<<1, 0, 44, "Send">>
<<1, 1, 12, "Recv">>
<<1, 1, 13, "Recv">>
<<0, 1, 44, "Send">>
<<1, 0, 44, "Send">>
<<0, 0, 13, "Recv">>
<<0, 0, 14, "Recv">>
<<1, 1, 14, "Recv">>
<<0, 1, 44, "Send">>
<<1, 0, 44, "Send">>
<<0, 0, 15, "Recv">>
<<1, 1, 15, "Recv">>
<<1, 0, 44, "Send">>
<<0, 1, 44, "Send">>
<<0, 0, 16, "Recv">>
<<1, 0, 44, "Send">>
<<0, 1, 44, "Send">>
<<0, 0, 17, "Recv">>
<<1, 1, 16, "Recv">>
<<1, 1, 17, "Recv">>
<<1, 0, 44, "Send">>
<<0, 1, 44, "Send">>
<<0, 0, 18, "Recv">>
<<1, 1, 18, "Recv">>
<<1, 0, 44, "Send">>
<<0, 0, 19, "Recv">>
<<0, 1, 44, "Send">>
<<1, 0, 44, "Send">>
<<1, 1, 19, "Recv">>
<<0, 1, 44, "Send">>
<<0, 0, 20, "Recv">>
<<1, 1, 20, "Recv">>
<<0, 1, 44, "Send">>
<<0, 0, 21, "Recv">>
<<1, 1, 21, "Recv">>
<<0, 0, 22, "Recv">>
<<1, 0, 44, "Send">>
<<1, 0, 44, "Send">>
<<1, 1, 22, "Recv">>
<<1, 0, 44, "Send">>
<<0, 1, 44, "Send">>
<<0, 1, 44, "Send">>
<<0, 0, 23, "Recv">>
<<1, 0, 44, "Send">>
<<1, 1, 23, "Recv">>
<<1, 1, 24, "Recv">>
<<0, 0, 24, "Recv">>
<<0, 0, 25, "Recv">>
<<1, 1, 25, "Recv">>
<<1, 0, 44, "Send">>
<<0, 1, 44, "Send">>
<<0, 1, 44, "Send">>
<<1, 1, 26, "Recv">>
<<1, 0, 44, "Send">>
<<0, 1, 44, "Send">>
<<0, 1, 44, "Send">>
<<0, 0, 26, "Recv">>
<<0, 0, 27, "Recv">>
<<1, 1, 27, "Recv">>
<<1, 0, 44, "Send">>
<<0, 0, 28, "Recv">>
<<1, 1, 28, "Recv">>
<<0, 0, 29, "Recv">>
<<0, 1, 44, "Send">>
<<1, 0, 44, "Send">>
<<1, 1, 29, "Recv">>
<<1, 0, 44, "Send">>
<<0, 1, 44, "Send">>
<<0, 0, 30, "Recv">>
<<1, 1, 30, "Recv">>
<<1, 0, 44, "Send">>
<<0, 1, 44, "Send">>
<<1, 1, 31, "Recv">>
<<0, 0, 31, "Recv">>
<<1, 0, 44, "Send">>
<<1, 0, 44, "Send">>
<<0, 1, 44, "Send">>
<<0, 1, 44, "Send">>
<<0, 0, 32, "Recv">>
<<1, 1, 32, "Recv">>
<<1, 0, 44, "Send">>
<<0, 1, 44, "Send">>
<<1, 1, 33, "Recv">>
<<1, 0, 44, "Send">>
<<0, 0, 33, "Recv">>
<<0, 0, 34, "Recv">>
<<1, 1, 34, "Recv">>
<<1, 0, 44, "Send">>
<<0, 1, 44, "Send">>
<<1, 1, 35, "Recv">>
<<0, 0, 35, "Recv">>
<<0, 1, 44, "Send">>
<<0, 0, 36, "Recv">>
<<1, 0, 44, "Send">>
<<0, 1, 44, "Send">>
<<1, 0, 44, "Send">>
<<0, 1, 44, "Send">>
<<1, 1, 36, "Recv">>
<<1, 0, 44, "Send">>
<<0, 1, 44, "Send">>
<<1, 1, 37, "Recv">>
<<0, 0, 37, "Recv">>
<<1, 1, 38, "Recv">>
<<0, 0, 38, "Recv">>
<<1, 1, 39, "Recv">>
<<1, 0, 44, "Send">>
<<0, 0, 39, "Recv">>
<<1, 0, 44, "Send">>
<<0, 0, 40, "Recv">>
<<0, 1, 44, "Send">>
<<0, 1, 44, "Send">>
<<1, 0, 44, "Send">>
<<1, 1, 40, "Recv">>
<<0, 0, 41, "Recv">>
<<1, 1, 41, "Recv">>
<<1, 0, 44, "Send">>
<<0, 1, 44, "Send">>
<<0, 0, 42, "Recv">>
<<1, 0, 44, "Send">>
<<0, 1, 44, "Send">>
<<1, 1, 43, "Recv">>
<<1, 0, 44, "Send">>
<<0, 1, 44, "Send">>
<<0, 0, 44, "Recv">>
<<1, 0, 44, "Send">>
<<1, 1, 44, "Recv">>
<<0, 1, 44, "Send">>
<<1, 1, 42, "Recv">>
<<1, 1, 45, "Recv">>
<<0, 1, 44, "Send">>
<<0, 0, 43, "Recv">>
<<1, 0, 44, "Send">>
<<0, 0, 46, "Recv">>
<<0, 0, 45, "Recv">>
<<0, 1, 44, "Send">>
<<1, 0, 44, "Send">>
<<0, 1, 44, "Send">>
<<1, 0, 44, "Send">>
<<1, 1, 47, "Recv">>
<<0, 0, 48, "Recv">>
<<1, 1, 48, "Recv">>
<<1, 0, 44, "Send">>
<<1, 1, 46, "Recv">>
<<0, 1, 44, "Send">>
<<0, 0, 49, "Recv">>
<<1, 1, 49, "Recv">>
<<0, 1, 44, "Send">>
<<0, 0, 50, "Recv">>
<<1, 0, 44, "Send">>
<<1, 1, 50, "Recv">>
<<0, 1, 44, "Send">>
<<1, 1, 51, "Recv">>
<<0, 0, 51, "Recv">>
<<1, 0, 44, "Send">>
<<0, 0, 52, "Recv">>
<<1, 1, 52, "Recv">>
<<0, 1, 44, "Send">>
<<0, 1, 44, "Send">>
<<1, 0, 44, "Send">>
<<0, 0, 53, "Recv">>
<<0, 1, 44, "Send">>
<<1, 1, 53, "Recv">>
<<1, 0, 44, "Send">>
<<0, 0, 54, "Recv">>
<<1, 1, 54, "Recv">>
<<1, 0, 44, "Send">>
<<0, 1, 44, "Send">>
<<1, 1, 55, "Recv">>
<<1, 0, 44, "Send">>
<<0, 0, 55, "Recv">>
<<0, 1, 44, "Send">>
<<0, 0, 56, "Recv">>
<<1, 1, 56, "Recv">>
<<0, 1, 44, "Send">>
<<0, 0, 57, "Recv">>
<<1, 0, 44, "Send">>
<<1, 1, 57, "Recv">>
<<1, 0, 44, "Send">>
<<0, 0, 58, "Recv">>
<<0, 1, 44, "Send">>
<<1, 1, 58, "Recv">>
<<1, 0, 44, "Send">>
<<0, 1, 44, "Send">>
<<0, 0, 59, "Recv">>
<<1, 1, 59, "Recv">>
<<1, 0, 44, "Send">>
<<0, 0, 60, "Recv">>
<<0, 1, 44, "Send">>
<<0, 0, 47, "Recv">>
<<1, 1, 60, "Recv">>
<<1, 0, 44, "Send">>
<<0, 1, 44, "Send">>
<<1, 1, 61, "Recv">>
<<0, 0, 61, "Recv">>
<<1, 0, 44, "Send">>
<<0, 0, 62, "Recv">>
<<0, 1, 44, "Send">>
<<1, 0, 44, "Send">>
<<1, 1, 62, "Recv">>
<<1, 0, 44, "Send">>
<<0, 1, 44, "Send">>
<<0, 1, 44, "Send">>
<<0, 1, 44, "Send">>
<<0, 0, 63, "Recv">>
<<0, 0, 64, "Recv">>
<<1, 1, 64, "Recv">>
<<1, 0, 44, "Send">>
<<0, 1, 44, "Send">>
<<0, 0, 65, "Recv">>
<<1, 0, 44, "Send">>
<<0, 1, 44, "Send">>
<<0, 0, 66, "Recv">>
<<1, 1, 66, "Recv">>
<<1, 0, 44, "Send">>
<<1, 1, 63, "Recv">>
<<1, 0, 44, "Send">>
<<1, 1, 65, "Recv">>
<<1, 1, 67, "Recv">>
<<0, 1, 44, "Send">>
<<1, 0, 44, "Send">>
<<0, 0, 67, "Recv">>
<<0, 0, 68, "Recv">>
<<0, 1, 44, "Send">>
<<1, 0, 44, "Send">>
<<1, 1, 68, "Recv">>
<<0, 0, 69, "Recv">>
<<0, 1, 44, "Send">>
<<1, 0, 44, "Send">>
<<0, 1, 44, "Send">>
<<0, 0, 70, "Recv">>
<<1, 0, 44, "Send">>
<<0, 0, 71, "Recv">>
<<1, 1, 71, "Recv">>
<<0, 1, 44, "Send">>
<<0, 1, 44, "Send">>
<<0, 0, 72, "Recv">>
<<1, 1, 72, "Recv">>
<<1, 0, 44, "Send">>
<<0, 1, 44, "Send">>
<<1, 1, 73, "Recv">>
<<1, 0, 44, "Send">>
<<0, 0, 73, "Recv">>
<<0, 1, 44, "Send">>
<<0, 0, 74, "Recv">>
<<1, 1, 74, "Recv">>
<<1, 0, 44, "Send">>
<<0, 0, 75, "Recv">>
<<1, 1, 75, "Recv">>
<<0, 1, 44, "Send">>
<<1, 0, 44, "Send">>
<<0, 0, 76, "Recv">>
<<1, 1, 69, "Recv">>
<<1, 0, 44, "Send">>
<<1, 1, 70, "Recv">>
<<0, 1, 44, "Send">>
<<1, 0, 44, "Send">>
<<1, 1, 76, "Recv">>
<<1, 1, 77, "Recv">>
<<1, 0, 44, "Send">>
<<1, 1, 78, "Recv">>
<<0, 0, 78, "Recv">>
<<1, 0, 44, "Send">>
<<0, 1, 44, "Send">>
<<0, 0, 79, "Recv">>
<<1, 0, 44, "Send">>
<<1, 1, 79, "Recv">>
<<0, 1, 44, "Send">>
<<1, 1, 80, "Recv">>
<<0, 0, 80, "Recv">>
<<0, 1, 44, "Send">>
<<0, 0, 81, "Recv">>
<<1, 0, 44, "Send">>
<<1, 1, 81, "Recv">>
<<0, 1, 44, "Send">>
<<0, 0, 77, "Recv">>
<<0, 1, 44, "Send">>
<<1, 1, 82, "Recv">>
<<1, 0, 44, "Send">>
<<0, 1, 44, "Send">>
<<1, 0, 44, "Send">>
<<0, 0, 82, "Recv">>
<<1, 1, 83, "Recv">>
<<1, 0, 44, "Send">>
<<0, 1, 44, "Send">>
<<1, 1, 84, "Recv">>
<<1, 0, 44, "Send">>
<<0, 1, 44, "Send">>
<<0, 0, 85, "Recv">>
<<1, 1, 85, "Recv">>
<<1, 0, 44, "Send">>
<<0, 1, 44, "Send">>
<<1, 1, 86, "Recv">>
<<0, 0, 86, "Recv">>
<<1, 0, 44, "Send">>
<<0, 1, 44, "Send">>
<<0, 0, 87, "Recv">>
<<1, 1, 87, "Recv">>
<<1, 0, 44, "Send">>
<<0, 1, 44, "Send">>
<<0, 0, 88, "Recv">>
<<1, 0, 44, "Send">>
<<1, 1, 88, "Recv">>
<<0, 1, 44, "Send">>
<<1, 1, 89, "Recv">>
<<0, 0, 89, "Recv">>
<<1, 0, 44, "Send">>
<<0, 0, 90, "Recv">>
<<1, 1, 90, "Recv">>
<<0, 1, 44, "Send">>
<<1, 0, 44, "Send">>
<<0, 0, 91, "Recv">>
<<0, 1, 44, "Send">>
<<1, 0, 44, "Send">>
<<1, 1, 91, "Recv">>
<<0, 1, 44, "Send">>
<<0, 0, 92, "Recv">>
<<1, 1, 92, "Recv">>
<<0, 1, 44, "Send">>
<<1, 0, 44, "Send">>
<<0, 0, 93, "Recv">>
<<1, 1, 93, "Recv">>
<<1, 0, 44, "Send">>
<<0, 1, 44, "Send">>
<<0, 0, 94, "Recv">>
<<0, 1, 44, "Send">>
<<0, 0, 84, "Recv">>
<<0, 0, 83, "Recv">>
<<1, 1, 94, "Recv">>
<<0, 0, 95, "Recv">>
<<1, 1, 95, "Recv">>
<<0, 1, 44, "Send">>
<<1, 0, 44, "Send">>
<<0, 0, 96, "Recv">>
<<1, 1, 96, "Recv">>
<<1, 0, 44, "Send">>
<<0, 1, 44, "Send">>
<<0, 0, 97, "Recv">>
<<1, 1, 97, "Recv">>
<<1, 0, 44, "Send">>
<<0, 0, 98, "Recv">>
<<1, 0, 44, "Send">>
<<1, 1, 98, "Recv">>
<<0, 1, 44, "Send">>
<<0, 0, 99, "Recv">>
<<1, 1, 99, "Recv">>
<<1, 0, 44, "Send">>
<<0, 1, 44, "Send">>
<<0, 1, 44, "Send">>
<<0, 1, 44, "Send">>
<<1, 0, 44, "Send">>
<<1, 1, 100, "Recv">>
<<0, 0, 100, "Recv">>
<<1, 0, 44, "Send">>
<<1, 0, 44, "Send">>
<<0, 1, 44, "Send">>
<<0, 0, 44, "Recv">>
<<0, 1, 44, "Send">>
<<1, 0, 44, "Send">>
<<1, 1, 44, "Recv">>
<<0, 1, 44, "Send">>
<<1, 0, 44, "Send">>
<<0, 1, 44, "Send">>
<<1, 0, 44, "Send">>
<<0, 1, 44, "Send">>
<<1, 0, 44, "Send">>
<<0, 1, 44, "Send">>
<<1, 0, 44, "Send">>
<<0, 1, 44, "Send">>
<<1, 0, 44, "Send">>
<<0, 1, 44, "Send">>
<<1, 0, 44, "Send">>
<<0, 1, 44, "Send">>
<<1, 0, 44, "Send">>
<<0, 1, 44, "Send">>
<<1, 0, 44, "Send">>
<<1, 0, 44, "Send">>
<<0, 1, 44, "Send">>
<<0, 1, 44, "Send">>
<<1, 0, 44, "Send">>
<<0, 1, 44, "Send">>
<<1, 0, 44, "Send">>
<<1, 0, 44, "Send">>
<<0, 1, 44, "Send">>
<<0, 1, 44, "Send">>
<<0, 1, 44, "Send">>
<<1, 0, 44, "Send">>
<<0, 1, 44, "Send">>
<<0, 1, 44, "Send">>
<<1, 0, 44, "Send">>
<<1, 0, 44, "Send">>
<<0, 1, 44, "Send">>
<<1, 0, 44, "Send">>
<<0, 1, 44, "Send">>
<<1, 0, 44, "Send">>
<<0, 1, 44, "Send">>
<<1, 0, 44, "Send">>
<<0, 1, 44, "Send">>
<<1, 0, 44, "Send">>
<<0, 1, 44, "Send">>
<<1, 0, 44, "Send">>
<<0, 1, 44, "Send">>
<<1, 0, 44, "Send">>
<<1, 0, 44, "Send">>
<<0, 1, 44, "Send">>
<<0, 1, 44, "Send">>
<<1, 0, 44, "Send">>
<<1, 0, 44, "Send">>
<<0, 1, 44, "Send">>
<<0, 1, 44, "Send">>
<<1, 0, 44, "Send">>
<<0, 1, 44, "Send">>
<<1, 0, 44, "Send">>
<<0, 1, 44, "Send">>
<<1, 0, 44, "Send">>
<<0, 1, 44, "Send">>
<<1, 0, 44, "Send">>
<<1, 0, 44, "Send">>
<<0, 1, 44, "Send">>
<<0, 1, 44, "Send">>
<<1, 0, 44, "Send">>
<<1, 0, 44, "Send">>
<<0, 1, 44, "Send">>
<<0, 1, 44, "Send">>
<<1, 0, 44, "Send">>
<<1, 0, 44, "Send">>
<<0, 1, 44, "Send">>
<<0, 1, 44, "Send">>
<<1, 0, 44, "Send">>
<<0, 1, 44, "Send">>
<<1, 0, 44, "Send">>
<<0, 1, 44, "Send">>
<<1, 0, 44, "Send">>
<<1, 0, 44, "Send">>
<<0, 1, 44, "Send">>
<<0, 1, 44, "Send">>
<<1, 0, 44, "Send">>
<<0, 1, 44, "Send">>
<<1, 0, 44, "Send">>
<<0, 1, 44, "Send">>
<<1, 0, 44, "Send">>
<<1, 0, 44, "Send">>
<<0, 1, 44, "Send">>
<<1, 0, 44, "Send">>
<<1, 0, 44, "Send">>
<<0, 1, 44, "Send">>
<<0, 1, 44, "Send">>
<<0, 1, 44, "Send">>
<<1, 0, 44, "Send">>
<<0, 1, 44, "Send">>
<<1, 0, 44, "Send">>
<<0, 1, 44, "Send">>
<<1, 0, 44, "Send">>
<<0, 1, 44, "Send">>
<<1, 0, 44, "Send">>
<<0, 1, 44, "Send">>
<<1, 0, 44, "Send">>
<<1, 0, 44, "Send">>
<<0, 1, 44, "Send">>
<<0, 1, 44, "Send">>
<<1, 0, 44, "Send">>
<<0, 1, 44, "Send">>
<<1, 0, 44, "Send">>
<<0, 1, 44, "Send">>
<<1, 0, 44, "Send">>
<<1, 0, 44, "Send">>
<<0, 1, 44, "Send">>
<<0, 1, 44, "Send">>
<<1, 0, 44, "Send">>
<<0, 1, 44, "Send">>
<<1, 0, 44, "Send">>
<<0, 1, 44, "Send">>
<<1, 0, 44, "Send">>
<<0, 1, 44, "Send">>
<<1, 0, 44, "Send">>
<<1, 0, 44, "Send">>
<<0, 1, 44, "Send">>
<<1, 0, 44, "Send">>
<<0, 1, 44, "Send">>
<<0, 1, 44, "Send">>
<<1, 0, 44, "Send">>
<<0, 1, 44, "Send">>
<<0, 1, 44, "Send">>
<<1, 0, 44, "Send">>
<<1, 0, 44, "Send">>
<<0, 1, 44, "Send">>
<<1, 0, 44, "Send">>
<<0, 1, 44, "Send">>
<<1, 0, 44, "Send">>
<<1, 0, 44, "Send">>
<<1, 0, 44, "Send">>
<<0, 1, 44, "Send">>
<<0, 1, 44, "Send">>
<<1, 0, 44, "Send">>
<<0, 1, 44, "Send">>
<<1, 0, 44, "Send">>
<<0, 1, 44, "Send">>
<<0, 1, 44, "Send">>
<<1, 0, 44, "Send">>
<<1, 0, 44, "Send">>
<<0, 1, 44, "Send">>
<<1, 0, 44, "Send">>
<<0, 1, 44, "Send">>
<<0, 1, 44, "Send">>
<<1, 0, 44, "Send">>
<<1, 0, 44, "Send">>
<<0, 1, 44, "Send">>
<<1, 0, 44, "Send">>
<<0, 1, 44, "Send">>
<<1, 0, 44, "Send">>
<<1, 0, 44, "Send">>
<<0, 1, 44, "Send">>
<<1, 0, 44, "Send">>
<<0, 1, 44, "Send">>
<<1, 0, 44, "Send">>
<<0, 1, 44, "Send">>
<<1, 0, 44, "Send">>
<<0, 1, 44, "Send">>
<<0, 1, 44, "Send">>
<<1, 0, 44, "Send">>
<<1, 0, 44, "Send">>
<<0, 1, 44, "Send">>
<<1, 0, 44, "Send">>
<<0, 1, 44, "Send">>
<<1, 0, 44, "Send">>
<<1, 0, 44, "Send">>
<<0, 1, 44, "Send">>
<<1, 0, 44, "Send">>
<<0, 1, 44, "Send">>
<<1, 0, 44, "Send">>
<<0, 1, 44, "Send">>
<<0, 1, 44, "Send">>
<<1, 0, 44, "Send">>
<<1, 0, 44, "Send">>
<<0, 1, 44, "Send">>
<<1, 0, 44, "Send">>
<<1, 0, 44, "Send">>
<<0, 1, 44, "Send">>
<<0, 1, 44, "Send">>
<<0, 1, 44, "Send">>
<<1, 0, 44, "Send">>
<<0, 1, 44, "Send">>
<<0, 1, 44, "Send">>
<<0, 1, 44, "Send">>
<<1, 0, 44, "Send">>
<<1, 0, 44, "Send">>
<<0, 1, 44, "Send">>
<<0, 1, 44, "Send">>
<<0, 1, 44, "Send">>
<<0, 1, 44, "Send">>
<<1, 0, 44, "Send">>
<<0, 1, 44, "Send">>
<<1, 0, 44, "Send">>
<<1, 0, 44, "Send">>
<<1, 0, 44, "Send">>
<<0, 1, 44, "Send">>
<<0, 0, 44, "Recv">>
<<0, 1, 44, "Send">>
<<1, 1, 44, "Recv">>
<<1, 0, 44, "Send">>
<<0, 1, 44, "Send">>
<<1, 0, 44, "Send">>
<<0, 1, 44, "Send">>
<<1, 0, 44, "Send">>
<<0, 1, 44, "Send">>
<<1, 0, 44, "Send">>
<<0, 1, 44, "Send">>
<<1, 0, 44, "Send">>
<<0, 1, 44, "Send">>
<<1, 0, 44, "Send">>
<<1, 0, 44, "Send">>
<<0, 1, 44, "Send">>
<<1, 0, 44, "Send">>
<<0, 1, 44, "Send">>
<<1, 0, 44, "Send">>
<<0, 1, 44, "Send">>
<<1, 0, 44, "Send">>
<<0, 1, 44, "Send">>
<<0, 1, 44, "Send">>
<<1, 0, 44, "Send">>
<<0, 1, 44, "Send">>
<<1, 0, 44, "Send">>
<<1, 0, 44, "Send">>
<<0, 1, 44, "Send">>
<<0, 1, 44, "Send">>
<<0, 1, 44, "Send">>
<<0, 1, 44, "Send">>
<<1, 0, 44, "Send">>
<<0, 1, 44, "Send">>
<<0, 1, 44, "Send">>
<<1, 0, 44, "Send">>
<<1, 0, 44, "Send">>
<<1, 0, 44, "Send">>
<<1, 0, 44, "Send">>
<<1, 0, 44, "Send">>
<<0, 1, 44, "Send">>
<<1, 0, 44, "Send">>
<<0, 1, 44, "Send">>
<<1, 0, 44, "Send">>
<<0, 1, 44, "Send">>
<<1, 0, 44, "Send">>
<<0, 1, 44, "Send">>
<<1, 0, 44, "Send">>
<<0, 1, 44, "Send">>
<<1, 0, 44, "Send">>
<<1, 0, 44, "Send">>
<<0, 1, 44, "Send">>
<<0, 1, 44, "Send">>
<<1, 0, 44, "Send">>
<<1, 0, 44, "Send">>
<<0, 1, 44, "Send">>
<<0, 1, 44, "Send">>
<<1, 0, 44, "Send">>
<<0, 1, 44, "Send">>
<<1, 0, 44, "Send">>
<<0, 1, 44, "Send">>
<<1, 0, 44, "Send">>
<<0, 1, 44, "Send">>
<<1, 0, 44, "Send">>
<<1, 0, 44, "Send">>
<<0, 1, 44, "Send">>
<<0, 1, 44, "Send">>
<<1, 0, 44, "Send">>
<<1, 0, 44, "Send">>
<<0, 1, 44, "Send">>
<<0, 1, 44, "Send">>
<<1, 0, 44, "Send">>
<<1, 0, 44, "Send">>
<<0, 1, 44, "Send">>
<<0, 1, 44, "Send">>
<<1, 0, 44, "Send">>
<<0, 1, 44, "Send">>
<<1, 0, 44, "Send">>
<<0, 1, 44, "Send">>
<<1, 0, 44, "Send">>
<<1, 0, 44, "Send">>
<<1, 0, 44, "Send">>
<<0, 1, 44, "Send">>
<<0, 1, 44, "Send">>
<<0, 1, 44, "Send">>
<<1, 0, 44, "Send">>
<<0, 1, 44, "Send">>
<<1, 0, 44, "Send">>
<<0, 1, 44, "Send">>
<<1, 0, 44, "Send">>
<<1, 0, 44, "Send">>
<<0, 1, 44, "Send">>
<<1, 0, 44, "Send">>
<<1, 0, 44, "Send">>
<<0, 1, 44, "Send">>
<<0, 1, 44, "Send">>
<<0, 1, 44, "Send">>
<<1, 0, 44, "Send">>
<<0, 1, 44, "Send">>
<<1, 0, 44, "Send">>
<<0, 1, 44, "Send">>
<<1, 0, 44, "Send">>
<<0, 1, 44, "Send">>
<<1, 0, 44, "Send">>
<<0, 1, 44, "Send">>
<<1, 0, 44, "Send">>
<<1, 0, 44, "Send">>
<<0, 1, 44, "Send">>
<<0, 1, 44, "Send">>
<<1, 0, 44, "Send">>
<<0, 1, 44, "Send">>
<<1, 0, 44, "Send">>
<<0, 1, 44, "Send">>
<<1, 0, 44, "Send">>
<<0, 1, 44, "Send">>
<<0, 1, 44, "Send">>
<<1, 0, 44, "Send">>
<<0, 1, 44, "Send">>
<<1, 0, 44, "Send">>
<<0, 1, 44, "Send">>
<<1, 0, 44, "Send">>
<<0, 1, 44, "Send">>
<<1, 0, 44, "Send">>
<<0, 1, 44, "Send">>
<<1, 0, 44, "Send">>
<<1, 0, 44, "Send">>
<<1, 0, 44, "Send">>
<<0, 1, 44, "Send">>
<<1, 0, 44, "Send">>
<<0, 1, 44, "Send">>
<<1, 0, 44, "Send">>
<<0, 1, 44, "Send">>
<<1, 0, 44, "Send">>
<<0, 1, 44, "Send">>
<<1, 0, 44, "Send">>
<<1, 0, 44, "Send">>
<<1, 0, 44, "Send">>
<<0, 1, 44, "Send">>
<<0, 1, 44, "Send">>
<<1, 0, 44, "Send">>
<<0, 1, 44, "Send">>
<<1, 0, 44, "Send">>
<<0, 1, 44, "Send">>
<<0, 1, 44, "Send">>
<<0, 1, 44, "Send">>
<<1, 0, 44, "Send">>
<<0, 1, 44, "Send">>
<<1, 0, 44, "Send">>
<<0, 1, 44, "Send">>
<<0, 1, 44, "Send">>
<<1, 0, 44, "Send">>
<<1, 0, 44, "Send">>
<<0, 1, 44, "Send">>
<<1, 0, 44, "Send">>
<<0, 1, 44, "Send">>
<<1, 0, 44, "Send">>
<<1, 0, 44, "Send">>
<<0, 1, 44, "Send">>
<<1, 0, 44, "Send">>
<<0, 1, 44, "Send">>
<<0, 1, 44, "Send">>
<<1, 0, 44, "Send">>
<<1, 0, 44, "Send">>
<<0, 1, 44, "Send">>
<<0, 1, 44, "Send">>
<<1, 0, 44, "Send">>
<<1, 0, 44, "Send">>
<<0, 1, 44, "Send">>
<<1, 0, 44, "Send">>
<<0, 1, 44, "Send">>
<<0, 1, 44, "Send">>
<<1, 0, 44, "Send">>
<<0, 1, 44, "Send">>
<<1, 0, 44, "Send">>
<<0, 1, 44, "Send">>
<<1, 0, 44, "Send">>
<<0, 1, 44, "Send">>
<<1, 0, 44, "Send">>
<<1, 0, 44, "Send">>
<<0, 1, 44, "Send">>
<<1, 0, 44, "Send">>
<<1, 0, 44, "Send">>
<<0, 1, 44, "Send">>
<<0, 1, 44, "Send">>
<<1, 0, 44, "Send">>
<<1, 0, 44, "Send">>
<<0, 1, 44, "Send">>
<<0, 1, 44, "Send">>
<<1, 0, 44, "Send">>
<<0, 1, 44, "Send">>
<<1, 0, 44, "Send">>
<<0, 1, 44, "Send">>
<<1, 0, 44, "Send">>
<<1, 0, 44, "Send">>
<<0, 1, 44, "Send">>
<<1, 0, 44, "Send">>
<<0, 1, 44, "Send">>
<<1, 0, 44, "Send">>
<<0, 1, 44, "Send">>
<<1, 0, 44, "Send">>
<<0, 1, 44, "Send">>
<<1, 0, 44, "Send">>
<<1, 0, 44, "Send">>
<<0, 1, 44, "Send">>
<<0, 0, 44, "Recv">>
<<0, 1, 44, "Send">>
<<1, 1, 44, "Recv">>
<<1, 0, 44, "Send">>
<<0, 0, 44, "Recv">>
<<0, 1, 44, "Send">>
<<1, 1, 44, "Recv">>
<<1, 0, 44, "Send">>
<<1, 0, 44, "Send">>
<<0, 1, 44, "Send">>
<<0, 1, 44, "Send">>
@!@!@STARTMSG 2193:0 @!@!@
Model checking completed. No error has been found.
  Estimates of the probability that TLC did not check all reachable states
  because two distinct states had the same fingerprint:
  calculated (optimistic):  val = 4.5E-13
  based on the actual fingerprints:  val = 5.2E-13
@!@!@ENDMSG 2193 @!@!@
@!@!@STARTMSG 2201:0 @!@!@
The coverage statistics at 2015-04-05 15:34:57
@!@!@ENDMSG 2201 @!@!@
@!@!@STARTMSG 2221:0 @!@!@
  line 101, col 11 to line 101, col 45 of module AsyncInterface: 1630
@!@!@ENDMSG 2221 @!@!@
@!@!@STARTMSG 2221:0 @!@!@
  line 102, col 24 to line 102, col 26 of module AsyncInterface: 1630
@!@!@ENDMSG 2221 @!@!@
@!@!@STARTMSG 2221:0 @!@!@
  line 102, col 29 to line 102, col 31 of module AsyncInterface: 1630
@!@!@ENDMSG 2221 @!@!@
@!@!@STARTMSG 2221:0 @!@!@
  line 102, col 34 to line 102, col 36 of module AsyncInterface: 1630
@!@!@ENDMSG 2221 @!@!@
@!@!@STARTMSG 2221:0 @!@!@
  line 102, col 39 to line 102, col 44 of module AsyncInterface: 1630
@!@!@ENDMSG 2221 @!@!@
@!@!@STARTMSG 2221:0 @!@!@
  line 102, col 47 to line 102, col 52 of module AsyncInterface: 1630
@!@!@ENDMSG 2221 @!@!@
@!@!@STARTMSG 2221:0 @!@!@
  line 106, col 11 to line 106, col 45 of module AsyncInterface: 412
@!@!@ENDMSG 2221 @!@!@
@!@!@STARTMSG 2221:0 @!@!@
  line 107, col 24 to line 107, col 26 of module AsyncInterface: 412
@!@!@ENDMSG 2221 @!@!@
@!@!@STARTMSG 2221:0 @!@!@
  line 107, col 29 to line 107, col 31 of module AsyncInterface: 412
@!@!@ENDMSG 2221 @!@!@
@!@!@STARTMSG 2221:0 @!@!@
  line 107, col 34 to line 107, col 36 of module AsyncInterface: 412
@!@!@ENDMSG 2221 @!@!@
@!@!@STARTMSG 2221:0 @!@!@
  line 107, col 39 to line 107, col 44 of module AsyncInterface: 412
@!@!@ENDMSG 2221 @!@!@
@!@!@STARTMSG 2221:0 @!@!@
  line 107, col 47 to line 107, col 52 of module AsyncInterface: 412
@!@!@ENDMSG 2221 @!@!@
@!@!@STARTMSG 2221:0 @!@!@
  line 110, col 11 to line 110, col 23 of module AsyncInterface: 412
@!@!@ENDMSG 2221 @!@!@
@!@!@STARTMSG 2221:0 @!@!@
  line 111, col 11 to line 111, col 24 of module AsyncInterface: 412
@!@!@ENDMSG 2221 @!@!@
@!@!@STARTMSG 2221:0 @!@!@
  line 122, col 11 to line 122, col 45 of module AsyncInterface: 412
@!@!@ENDMSG 2221 @!@!@
@!@!@STARTMSG 2221:0 @!@!@
  line 123, col 24 to line 123, col 26 of module AsyncInterface: 412
@!@!@ENDMSG 2221 @!@!@
@!@!@STARTMSG 2221:0 @!@!@
  line 123, col 29 to line 123, col 31 of module AsyncInterface: 412
@!@!@ENDMSG 2221 @!@!@
@!@!@STARTMSG 2221:0 @!@!@
  line 123, col 34 to line 123, col 39 of module AsyncInterface: 412
@!@!@ENDMSG 2221 @!@!@
@!@!@STARTMSG 2221:0 @!@!@
  line 73, col 11 to line 73, col 45 of module AsyncInterface: 1430
@!@!@ENDMSG 2221 @!@!@
@!@!@STARTMSG 2221:0 @!@!@
  line 74, col 24 to line 74, col 26 of module AsyncInterface: 1430
@!@!@ENDMSG 2221 @!@!@
@!@!@STARTMSG 2221:0 @!@!@
  line 74, col 29 to line 74, col 31 of module AsyncInterface: 1430
@!@!@ENDMSG 2221 @!@!@
@!@!@STARTMSG 2221:0 @!@!@
  line 74, col 34 to line 74, col 36 of module AsyncInterface: 1430
@!@!@ENDMSG 2221 @!@!@
@!@!@STARTMSG 2221:0 @!@!@
  line 74, col 39 to line 74, col 44 of module AsyncInterface: 1430
@!@!@ENDMSG 2221 @!@!@
@!@!@STARTMSG 2221:0 @!@!@
  line 74, col 47 to line 74, col 52 of module AsyncInterface: 1430
@!@!@ENDMSG 2221 @!@!@
@!@!@STARTMSG 2221:0 @!@!@
  line 78, col 11 to line 78, col 45 of module AsyncInterface: 812
@!@!@ENDMSG 2221 @!@!@
@!@!@STARTMSG 2221:0 @!@!@
  line 79, col 24 to line 79, col 26 of module AsyncInterface: 812
@!@!@ENDMSG 2221 @!@!@
@!@!@STARTMSG 2221:0 @!@!@
  line 79, col 29 to line 79, col 31 of module AsyncInterface: 812
@!@!@ENDMSG 2221 @!@!@
@!@!@STARTMSG 2221:0 @!@!@
  line 79, col 34 to line 79, col 36 of module AsyncInterface: 812
@!@!@ENDMSG 2221 @!@!@
@!@!@STARTMSG 2221:0 @!@!@
  line 79, col 39 to line 79, col 44 of module AsyncInterface: 812
@!@!@ENDMSG 2221 @!@!@
@!@!@STARTMSG 2221:0 @!@!@
  line 79, col 47 to line 79, col 52 of module AsyncInterface: 812
@!@!@ENDMSG 2221 @!@!@
@!@!@STARTMSG 2221:0 @!@!@
  line 82, col 11 to line 82, col 19 of module AsyncInterface: 812
@!@!@ENDMSG 2221 @!@!@
@!@!@STARTMSG 2221:0 @!@!@
  line 83, col 11 to line 83, col 23 of module AsyncInterface: 812
@!@!@ENDMSG 2221 @!@!@
@!@!@STARTMSG 2221:0 @!@!@
  line 84, col 11 to line 84, col 24 of module AsyncInterface: 812
@!@!@ENDMSG 2221 @!@!@
@!@!@STARTMSG 2221:0 @!@!@
  line 95, col 11 to line 95, col 45 of module AsyncInterface: 812
@!@!@ENDMSG 2221 @!@!@
@!@!@STARTMSG 2221:0 @!@!@
  line 96, col 24 to line 96, col 26 of module AsyncInterface: 812
@!@!@ENDMSG 2221 @!@!@
@!@!@STARTMSG 2221:0 @!@!@
  line 96, col 29 to line 96, col 34 of module AsyncInterface: 812
@!@!@ENDMSG 2221 @!@!@
@!@!@STARTMSG 2202:0 @!@!@
End of statistics.
@!@!@ENDMSG 2202 @!@!@
@!@!@STARTMSG 2200:0 @!@!@
Progress(10) at 2015-04-05 15:34:57: 5912 states generated (1,313,777 s/min), 3672 distinct states found (816,000 ds/min), 0 states left on queue.
@!@!@ENDMSG 2200 @!@!@
@!@!@STARTMSG 2199:0 @!@!@
5912 states generated, 3672 distinct states found, 0 states left on queue.
@!@!@ENDMSG 2199 @!@!@
@!@!@STARTMSG 2194:0 @!@!@
The depth of the complete state graph search is 10.
@!@!@ENDMSG 2194 @!@!@
@!@!@STARTMSG 2186:0 @!@!@
Finished. (2015-04-05 15:34:57)
@!@!@ENDMSG 2186 @!@!@
